Loading data for CIPLA and SUNPHARMA...

🚀 STARTING RIGOROUS GRID SEARCH 🚀
Win  | Z    | TS  | ZStop | WR%    | Trd | Avg%   | MaxDD%  | Total%
---------------------------------------------------------------------------
20   | 2.5  | 20  | 3.0   |  75.0% | 12  |  2.11% |  -5.32% | 25.37%
20   | 2.5  | 20  | 3.5   |  75.0% | 12  |  2.11% |  -5.32% | 25.37%
20   | 2.5  | 20  | 4.0   |  75.0% | 12  |  2.11% |  -5.32% | 25.37%
20   | 2.5  | 45  | 3.0   |  75.0% | 12  |  2.38% |  -6.38% | 28.53%
20   | 2.5  | 45  | 3.5   |  75.0% | 12  |  2.38% |  -6.38% | 28.53%
20   | 2.5  | 45  | 4.0   |  75.0% | 12  |  2.38% |  -6.38% | 28.53%
20   | 2.5  | 60  | 3.0   |  75.0% | 12  |  2.38% |  -6.38% | 28.53%
20   | 2.5  | 60  | 3.5   |  75.0% | 12  |  2.38% |  -6.38% | 28.53%
20   | 2.5  | 60  | 4.0   |  75.0% | 12  |  2.38% |  -6.38% | 28.53%
30   | 2.5  | 45  | 3.0   |  88.9% | 9   |  3.70% |  -1.87% | 33.30%
30   | 2.5  | 45  | 3.5   |  88.9% | 9   |  3.70% |  -1.87% | 33.30%
30   | 2.5  | 45  | 4.0   |  88.9% | 9   |  3.70% |  -1.87% | 33.30%
30   | 2.5  | 60  | 3.0   |  88.9% | 9   |  3.70% |  -1.87% | 33.30%
30   | 2.5  | 60  | 3.5   |  88.9% | 9   |  3.70% |  -1.87% | 33.30%
30   | 2.5  | 60  | 4.0   |  88.9% | 9   |  3.70% |  -1.87% | 33.30%
45   | 2.5  | 30  | 3.0   |  85.7% | 7   |  0.62% |  -8.06% |  4.31%
45   | 2.5  | 60  | 3.0   |  85.7% | 7   |  1.58% |  -3.81% | 11.05%
45   | 2.5  | 60  | 3.5   |  83.3% | 6   |  1.69% |  -3.81% | 10.12%
45   | 2.5  | 60  | 4.0   |  83.3% | 6   |  1.69% |  -3.81% | 10.12%
60   | 2.5  | 45  | 3.5   |  80.0% | 5   |  3.35% |  -0.54% | 16.73%
60   | 2.5  | 45  | 4.0   |  80.0% | 5   |  3.35% |  -0.54% | 16.73%
60   | 2.5  | 60  | 3.0   |  85.7% | 7   |  3.24% |  -1.47% | 22.71%
60   | 2.5  | 60  | 3.5   | 100.0% | 5   |  4.32% |   2.52% | 21.62%
60   | 2.5  | 60  | 4.0   | 100.0% | 5   |  4.32% |   2.52% | 21.62%

==================================================
🏆 BEST CONFIGURATION FOUND 🏆
Window:    60
Z-Entry:   2.5
Z-Stop:    3.5
Time Stop: 60
------------------------------
Win Rate:   100.0%
Trades:     5
Avg Return: 4.32%
Max DD:     2.52%
==================================================
Saved best trade log to .tmp/cipla_sun_best_trades.csv
